[0221/205641.826:ERROR:process_reader_win.cc(123)] NtOpenThread: {Access Denied} A process has requested access to an object, but has not been granted those access rights. (0xc0000022)
[0221/205641.847:ERROR:process_reader_win.cc(123)] NtOpenThread: {Access Denied} A process has requested access to an object, but has not been granted those access rights. (0xc0000022)
[0221/205641.849:ERROR:exception_snapshot_win.cc(98)] thread ID 10952 not found in process
[0221/205641.849:ERROR:exception_snapshot_win.cc(98)] thread ID 14044 not found in process
[0221/205641.869:ERROR:process_reader_win.cc(123)] NtOpenThread: {Access Denied} A process has requested access to an object, but has not been granted those access rights. (0xc0000022)
[0221/205641.869:ERROR:exception_snapshot_win.cc(98)] thread ID 12348 not found in process
[0222/151806.550:ERROR:process_reader_win.cc(151)] SuspendThread: Access is denied. (0x5)
[0222/151806.591:ERROR:process_reader_win.cc(151)] SuspendThread: Access is denied. (0x5)
[0222/151806.591:ERROR:process_reader_win.cc(151)] SuspendThread: Access is denied. (0x5)
[0222/151806.592:ERROR:process_reader_win.cc(151)] SuspendThread: Access is denied. (0x5)
[0222/151806.592:ERROR:process_reader_win.cc(123)] NtOpenThread: {Access Denied} A process has requested access to an object, but has not been granted those access rights. (0xc0000022)
[0222/151806.592:ERROR:exception_snapshot_win.cc(98)] thread ID 13604 not found in process
[0222/151806.593:ERROR:process_reader_win.cc(151)] SuspendThread: Access is denied. (0x5)
[0222/151806.593:ERROR:process_reader_win.cc(123)] NtOpenThread: {Access Denied} A process has requested access to an object, but has not been granted those access rights. (0xc0000022)
[0222/151806.593:ERROR:exception_snapshot_win.cc(98)] thread ID 9496 not found in process
[0222/151806.572:ERROR:process_reader_win.cc(151)] SuspendThread: Access is denied. (0x5)
[0222/151806.593:ERROR:process_reader_win.cc(123)] NtOpenThread: {Access Denied} A process has requested access to an object, but has not been granted those access rights. (0xc0000022)
[0222/151806.594:ERROR:exception_snapshot_win.cc(98)] thread ID 560 not found in process
[0222/160243.552:ERROR:process_reader_win.cc(151)] SuspendThread: Access is denied. (0x5)
[0222/160243.575:ERROR:process_reader_win.cc(151)] SuspendThread: Access is denied. (0x5)
[0222/160243.574:ERROR:process_reader_win.cc(151)] SuspendThread: Access is denied. (0x5)
[0222/160243.576:ERROR:process_reader_win.cc(151)] SuspendThread: Access is denied. (0x5)
[0222/160243.576:ERROR:process_reader_win.cc(151)] SuspendThread: Access is denied. (0x5)
[0222/160243.582:ERROR:process_reader_win.cc(151)] SuspendThread: Access is denied. (0x5)
[0222/160243.582:ERROR:process_reader_win.cc(151)] SuspendThread: Access is denied. (0x5)
[0222/160243.582:ERROR:process_reader_win.cc(151)] SuspendThread: Access is denied. (0x5)
[0222/160243.575:ERROR:process_reader_win.cc(123)] NtOpenThread: {Access Denied} A process has requested access to an object, but has not been granted those access rights. (0xc0000022)
[0222/160243.591:ERROR:exception_snapshot_win.cc(98)] thread ID 11368 not found in process
[0222/160243.576:ERROR:process_reader_win.cc(123)] NtOpenThread: {Access Denied} A process has requested access to an object, but has not been granted those access rights. (0xc0000022)
[0222/160243.591:ERROR:exception_snapshot_win.cc(98)] thread ID 10652 not found in process
[0222/160243.582:ERROR:process_reader_win.cc(123)] NtOpenThread: {Access Denied} A process has requested access to an object, but has not been granted those access rights. (0xc0000022)
[0222/160243.591:ERROR:exception_snapshot_win.cc(98)] thread ID 12224 not found in process
[0222/160243.620:ERROR:process_info.cc(329)] VirtualQueryEx: Access is denied. (0x5)
[0222/160243.620:ERROR:process_info.cc(556)] ReadMemoryInfo failed
[0222/160243.620:ERROR:process_memory_win.cc(39)] Failed to initialize ProcessInfo.
[0222/160243.620:ERROR:scoped_process_suspend.cc(40)] NtResumeProcess: An attempt was made to access an exiting process. (0xc000010a)
